Analysis & Synthesis report for project
Fri Nov 06 22:46:31 2015
Quartus II 32-bit Version 12.0 Build 178 05/31/2012 SJ Web Edition


---------------------
; Table of Contents ;
---------------------
  1. Legal Notice
  2. Analysis & Synthesis Summary
  3. Analysis & Synthesis Settings
  4. Parallel Compilation
  5. Analysis & Synthesis Source Files Read
  6. Analysis & Synthesis Resource Usage Summary
  7. Analysis & Synthesis Resource Utilization by Entity
  8. Analysis & Synthesis IP Cores Summary
  9. Registers Removed During Synthesis
 10. Removed Registers Triggering Further Register Optimizations
 11. General Register Statistics
 12. Multiplexer Restructuring Statistics (Restructuring Performed)
 13. Parameter Settings for User Entity Instance: lpm_constant0:inst5|lpm_constant:LPM_CONSTANT_component
 14. Parameter Settings for User Entity Instance: muxy:inst|LPM_MUX:LPM_MUX_component
 15. Parameter Settings for Inferred Entity Instance: ControlUnit:inst2|lpm_divide:Mod0
 16. Port Connectivity Checks: "registerFile:inst8|mux16:mux2"
 17. Port Connectivity Checks: "registerFile:inst8|mux16:mux1"
 18. Port Connectivity Checks: "registerFile:inst8|decoder16:decode"
 19. Elapsed Time Per Partition
 20. Analysis & Synthesis Messages



----------------
; Legal Notice ;
----------------
Copyright (C) 1991-2012 Altera Corporation
Your use of Altera Corporation's design tools, logic functions 
and other software and tools, and its AMPP partner logic 
functions, and any output files from any of the foregoing 
(including device programming or simulation files), and any 
associated documentation or information are expressly subject 
to the terms and conditions of the Altera Program License 
Subscription Agreement, Altera MegaCore Function License 
Agreement, or other applicable license agreement, including, 
without limitation, that your use is for the sole purpose of 
programming logic devices manufactured by Altera and sold by 
Altera or its authorized distributors.  Please refer to the 
applicable agreement for further details.



+-------------------------------------------------------------------------------+
; Analysis & Synthesis Summary                                                  ;
+------------------------------------+------------------------------------------+
; Analysis & Synthesis Status        ; Successful - Fri Nov 06 22:46:31 2015    ;
; Quartus II 32-bit Version          ; 12.0 Build 178 05/31/2012 SJ Web Edition ;
; Revision Name                      ; project                                  ;
; Top-level Entity Name              ; project                                  ;
; Family                             ; Cyclone II                               ;
; Total logic elements               ; 2,521                                    ;
;     Total combinational functions  ; 2,246                                    ;
;     Dedicated logic registers      ; 360                                      ;
; Total registers                    ; 360                                      ;
; Total pins                         ; 115                                      ;
; Total virtual pins                 ; 0                                        ;
; Total memory bits                  ; 0                                        ;
; Embedded Multiplier 9-bit elements ; 0                                        ;
; Total PLLs                         ; 0                                        ;
+------------------------------------+------------------------------------------+


+----------------------------------------------------------------------------------------------------------------------+
; Analysis & Synthesis Settings                                                                                        ;
+----------------------------------------------------------------------------+--------------------+--------------------+
; Option                                                                     ; Setting            ; Default Value      ;
+----------------------------------------------------------------------------+--------------------+--------------------+
; Device                                                                     ; EP2C20F484C7       ;                    ;
; Top-level entity name                                                      ; project            ; project            ;
; Family name                                                                ; Cyclone II         ; Cyclone IV GX      ;
; Use smart compilation                                                      ; Off                ; Off                ;
; Enable parallel Assembler and TimeQuest Timing Analyzer during compilation ; On                 ; On                 ;
; Enable compact report table                                                ; Off                ; Off                ;
; Restructure Multiplexers                                                   ; Auto               ; Auto               ;
; Create Debugging Nodes for IP Cores                                        ; Off                ; Off                ;
; Preserve fewer node names                                                  ; On                 ; On                 ;
; Disable OpenCore Plus hardware evaluation                                  ; Off                ; Off                ;
; Verilog Version                                                            ; Verilog_2001       ; Verilog_2001       ;
; VHDL Version                                                               ; VHDL_1993          ; VHDL_1993          ;
; State Machine Processing                                                   ; Auto               ; Auto               ;
; Safe State Machine                                                         ; Off                ; Off                ;
; Extract Verilog State Machines                                             ; On                 ; On                 ;
; Extract VHDL State Machines                                                ; On                 ; On                 ;
; Ignore Verilog initial constructs                                          ; Off                ; Off                ;
; Iteration limit for constant Verilog loops                                 ; 5000               ; 5000               ;
; Iteration limit for non-constant Verilog loops                             ; 250                ; 250                ;
; Add Pass-Through Logic to Inferred RAMs                                    ; On                 ; On                 ;
; Infer RAMs from Raw Logic                                                  ; On                 ; On                 ;
; Parallel Synthesis                                                         ; On                 ; On                 ;
; DSP Block Balancing                                                        ; Auto               ; Auto               ;
; NOT Gate Push-Back                                                         ; On                 ; On                 ;
; Power-Up Don't Care                                                        ; On                 ; On                 ;
; Remove Redundant Logic Cells                                               ; Off                ; Off                ;
; Remove Duplicate Registers                                                 ; On                 ; On                 ;
; Ignore CARRY Buffers                                                       ; Off                ; Off                ;
; Ignore CASCADE Buffers                                                     ; Off                ; Off                ;
; Ignore GLOBAL Buffers                                                      ; Off                ; Off                ;
; Ignore ROW GLOBAL Buffers                                                  ; Off                ; Off                ;
; Ignore LCELL Buffers                                                       ; Off                ; Off                ;
; Ignore SOFT Buffers                                                        ; On                 ; On                 ;
; Limit AHDL Integers to 32 Bits                                             ; Off                ; Off                ;
; Optimization Technique                                                     ; Balanced           ; Balanced           ;
; Carry Chain Length                                                         ; 70                 ; 70                 ;
; Auto Carry Chains                                                          ; On                 ; On                 ;
; Auto Open-Drain Pins                                                       ; On                 ; On                 ;
; Perform WYSIWYG Primitive Resynthesis                                      ; Off                ; Off                ;
; Auto ROM Replacement                                                       ; On                 ; On                 ;
; Auto RAM Replacement                                                       ; On                 ; On                 ;
; Auto Shift Register Replacement                                            ; Auto               ; Auto               ;
; Allow Shift Register Merging across Hierarchies                            ; Auto               ; Auto               ;
; Auto Clock Enable Replacement                                              ; On                 ; On                 ;
; Strict RAM Replacement                                                     ; Off                ; Off                ;
; Allow Synchronous Control Signals                                          ; On                 ; On                 ;
; Force Use of Synchronous Clear Signals                                     ; Off                ; Off                ;
; Auto RAM to Logic Cell Conversion                                          ; Off                ; Off                ;
; Auto Resource Sharing                                                      ; Off                ; Off                ;
; Allow Any RAM Size For Recognition                                         ; Off                ; Off                ;
; Allow Any ROM Size For Recognition                                         ; Off                ; Off                ;
; Allow Any Shift Register Size For Recognition                              ; Off                ; Off                ;
; Use LogicLock Constraints during Resource Balancing                        ; On                 ; On                 ;
; Ignore translate_off and synthesis_off directives                          ; Off                ; Off                ;
; Timing-Driven Synthesis                                                    ; Off                ; Off                ;
; Report Parameter Settings                                                  ; On                 ; On                 ;
; Report Source Assignments                                                  ; On                 ; On                 ;
; Report Connectivity Checks                                                 ; On                 ; On                 ;
; Ignore Maximum Fan-Out Assignments                                         ; Off                ; Off                ;
; Synchronization Register Chain Length                                      ; 2                  ; 2                  ;
; PowerPlay Power Optimization                                               ; Normal compilation ; Normal compilation ;
; HDL message level                                                          ; Level2             ; Level2             ;
; Suppress Register Optimization Related Messages                            ; Off                ; Off                ;
; Number of Removed Registers Reported in Synthesis Report                   ; 5000               ; 5000               ;
; Number of Swept Nodes Reported in Synthesis Report                         ; 5000               ; 5000               ;
; Number of Inverted Registers Reported in Synthesis Report                  ; 100                ; 100                ;
; Clock MUX Protection                                                       ; On                 ; On                 ;
; Auto Gated Clock Conversion                                                ; Off                ; Off                ;
; Block Design Naming                                                        ; Auto               ; Auto               ;
; SDC constraint protection                                                  ; Off                ; Off                ;
; Synthesis Effort                                                           ; Auto               ; Auto               ;
; Shift Register Replacement - Allow Asynchronous Clear Signal               ; On                 ; On                 ;
; Analysis & Synthesis Message Level                                         ; Medium             ; Medium             ;
; Disable Register Merging Across Hierarchies                                ; Auto               ; Auto               ;
; Resource Aware Inference For Block RAM                                     ; On                 ; On                 ;
; Synthesis Seed                                                             ; 1                  ; 1                  ;
+----------------------------------------------------------------------------+--------------------+--------------------+


Parallel compilation was disabled, but you have multiple processors available. Enable parallel compilation to reduce compilation time.
+-------------------------------------+
; Parallel Compilation                ;
+----------------------------+--------+
; Processors                 ; Number ;
+----------------------------+--------+
; Number detected on machine ; 8      ;
; Maximum allowed            ; 1      ;
+----------------------------+--------+


+-----------------------------------------------------------------------------------------------------------------------------------------------------------------------------------------+
; Analysis & Synthesis Source Files Read                                                                                                                                                  ;
+---------------------------------------------------+-----------------+------------------------------------+--------------------------------------------------------------------+---------+
; File Name with User-Entered Path                  ; Used in Netlist ; File Type                          ; File Name with Absolute Path                                       ; Library ;
+---------------------------------------------------+-----------------+------------------------------------+--------------------------------------------------------------------+---------+
; C:/Users/Matt/Downloads/lab8Files/mux16.vhd       ; yes             ; User VHDL File                     ; C:/Users/Matt/Downloads/lab8Files/mux16.vhd                        ;         ;
; C:/Users/Matt/Downloads/lab8Files/decoder16.vhd   ; yes             ; User VHDL File                     ; C:/Users/Matt/Downloads/lab8Files/decoder16.vhd                    ;         ;
; C:/Users/Matt/Desktop/Shit Ballz/variousLogic.vhd ; yes             ; User VHDL File                     ; C:/Users/Matt/Desktop/Shit Ballz/variousLogic.vhd                  ;         ;
; C:/Users/Matt/Desktop/Shit Ballz/multi4to1.vhdl   ; yes             ; User VHDL File                     ; C:/Users/Matt/Desktop/Shit Ballz/multi4to1.vhdl                    ;         ;
; C:/Users/Matt/Desktop/Shit Ballz/multi2to1.vhdl   ; yes             ; User VHDL File                     ; C:/Users/Matt/Desktop/Shit Ballz/multi2to1.vhdl                    ;         ;
; C:/Users/Matt/Desktop/Shit Ballz/bitAdder.vhdl    ; yes             ; User VHDL File                     ; C:/Users/Matt/Desktop/Shit Ballz/bitAdder.vhdl                     ;         ;
; C:/Users/Matt/Desktop/Shit Ballz/bit16xor.vhdl    ; yes             ; User VHDL File                     ; C:/Users/Matt/Desktop/Shit Ballz/bit16xor.vhdl                     ;         ;
; C:/Users/Matt/Desktop/Shit Ballz/bit16or.vhdl     ; yes             ; User VHDL File                     ; C:/Users/Matt/Desktop/Shit Ballz/bit16or.vhdl                      ;         ;
; C:/Users/Matt/Desktop/Shit Ballz/bit16and.vhdl    ; yes             ; User VHDL File                     ; C:/Users/Matt/Desktop/Shit Ballz/bit16and.vhdl                     ;         ;
; C:/Users/Matt/Desktop/Shit Ballz/bit16add.vhdl    ; yes             ; User VHDL File                     ; C:/Users/Matt/Desktop/Shit Ballz/bit16add.vhdl                     ;         ;
; alu.vhdl                                          ; yes             ; User VHDL File                     ; D:/github/csce230/alu.vhdl                                         ;         ;
; IR24.vhd                                          ; yes             ; User VHDL File                     ; D:/github/csce230/IR24.vhd                                         ;         ;
; immediate.vhd                                     ; yes             ; User VHDL File                     ; D:/github/csce230/immediate.vhd                                    ;         ;
; BuffReg16.vhd                                     ; yes             ; User VHDL File                     ; D:/github/csce230/BuffReg16.vhd                                    ;         ;
; registerFile.vhd                                  ; yes             ; User VHDL File                     ; D:/github/csce230/registerFile.vhd                                 ;         ;
; reg16.vhd                                         ; yes             ; User VHDL File                     ; D:/github/csce230/reg16.vhd                                        ;         ;
; controlUnit.vhdl                                  ; yes             ; User VHDL File                     ; D:/github/csce230/controlUnit.vhdl                                 ;         ;
; bit16multi4to1.vhd                                ; yes             ; User VHDL File                     ; D:/github/csce230/bit16multi4to1.vhd                               ;         ;
; bit16multi2to1.vhd                                ; yes             ; User VHDL File                     ; D:/github/csce230/bit16multi2to1.vhd                               ;         ;
; project.bdf                                       ; yes             ; User Block Diagram/Schematic File  ; D:/github/csce230/project.bdf                                      ;         ;
; muxy.vhd                                          ; yes             ; User Wizard-Generated File         ; D:/github/csce230/muxy.vhd                                         ;         ;
; lpm_constant0.vhd                                 ; yes             ; User Wizard-Generated File         ; D:/github/csce230/lpm_constant0.vhd                                ;         ;
; lpm_constant.tdf                                  ; yes             ; Megafunction                       ; c:/altera/12.0/quartus/libraries/megafunctions/lpm_constant.tdf    ;         ;
; lpm_mux.tdf                                       ; yes             ; Megafunction                       ; c:/altera/12.0/quartus/libraries/megafunctions/lpm_mux.tdf         ;         ;
; aglobal120.inc                                    ; yes             ; Megafunction                       ; c:/altera/12.0/quartus/libraries/megafunctions/aglobal120.inc      ;         ;
; muxlut.inc                                        ; yes             ; Megafunction                       ; c:/altera/12.0/quartus/libraries/megafunctions/muxlut.inc          ;         ;
; bypassff.inc                                      ; yes             ; Megafunction                       ; c:/altera/12.0/quartus/libraries/megafunctions/bypassff.inc        ;         ;
; altshift.inc                                      ; yes             ; Megafunction                       ; c:/altera/12.0/quartus/libraries/megafunctions/altshift.inc        ;         ;
; db/mux_o4e.tdf                                    ; yes             ; Auto-Generated Megafunction        ; D:/github/csce230/db/mux_o4e.tdf                                   ;         ;
; lpm_divide.tdf                                    ; yes             ; Megafunction                       ; c:/altera/12.0/quartus/libraries/megafunctions/lpm_divide.tdf      ;         ;
; abs_divider.inc                                   ; yes             ; Megafunction                       ; c:/altera/12.0/quartus/libraries/megafunctions/abs_divider.inc     ;         ;
; sign_div_unsign.inc                               ; yes             ; Megafunction                       ; c:/altera/12.0/quartus/libraries/megafunctions/sign_div_unsign.inc ;         ;
; db/lpm_divide_qlo.tdf                             ; yes             ; Auto-Generated Megafunction        ; D:/github/csce230/db/lpm_divide_qlo.tdf                            ;         ;
; db/abs_divider_4dg.tdf                            ; yes             ; Auto-Generated Megafunction        ; D:/github/csce230/db/abs_divider_4dg.tdf                           ;         ;
; db/alt_u_div_k5f.tdf                              ; yes             ; Auto-Generated Megafunction        ; D:/github/csce230/db/alt_u_div_k5f.tdf                             ;         ;
; db/add_sub_lkc.tdf                                ; yes             ; Auto-Generated Megafunction        ; D:/github/csce230/db/add_sub_lkc.tdf                               ;         ;
; db/add_sub_mkc.tdf                                ; yes             ; Auto-Generated Megafunction        ; D:/github/csce230/db/add_sub_mkc.tdf                               ;         ;
; db/lpm_abs_0s9.tdf                                ; yes             ; Auto-Generated Megafunction        ; D:/github/csce230/db/lpm_abs_0s9.tdf                               ;         ;
+---------------------------------------------------+-----------------+------------------------------------+--------------------------------------------------------------------+---------+


+-----------------------------------------------------+
; Analysis & Synthesis Resource Usage Summary         ;
+---------------------------------------------+-------+
; Resource                                    ; Usage ;
+---------------------------------------------+-------+
; Estimated Total logic elements              ; 2,521 ;
;                                             ;       ;
; Total combinational functions               ; 2246  ;
; Logic element usage by number of LUT inputs ;       ;
;     -- 4 input functions                    ; 844   ;
;     -- 3 input functions                    ; 663   ;
;     -- <=2 input functions                  ; 739   ;
;                                             ;       ;
; Logic elements by mode                      ;       ;
;     -- normal mode                          ; 1567  ;
;     -- arithmetic mode                      ; 679   ;
;                                             ;       ;
; Total registers                             ; 360   ;
;     -- Dedicated logic registers            ; 360   ;
;     -- I/O registers                        ; 0     ;
;                                             ;       ;
; I/O pins                                    ; 115   ;
; Maximum fan-out node                        ; res   ;
; Maximum fan-out                             ; 360   ;
; Total fan-out                               ; 8212  ;
; Average fan-out                             ; 3.02  ;
+---------------------------------------------+-------+


+-----------------------------------------------------------------------------------------------------------------------------------------------------------------------------------------------------------------------------------------------------------------------------------------------+
; Analysis & Synthesis Resource Utilization by Entity                                                                                                                                                                                                                                           ;
+------------------------------------------+-------------------+--------------+-------------+--------------+---------+-----------+------+--------------+-------------------------------------------------------------------------------------------------------------------------+--------------+
; Compilation Hierarchy Node               ; LC Combinationals ; LC Registers ; Memory Bits ; DSP Elements ; DSP 9x9 ; DSP 18x18 ; Pins ; Virtual Pins ; Full Hierarchy Name                                                                                                     ; Library Name ;
+------------------------------------------+-------------------+--------------+-------------+--------------+---------+-----------+------+--------------+-------------------------------------------------------------------------------------------------------------------------+--------------+
; |project                                 ; 2246 (0)          ; 360 (0)      ; 0           ; 0            ; 0       ; 0         ; 115  ; 0            ; |project                                                                                                                ;              ;
;    |BuffReg16:RA|                        ; 19 (19)           ; 16 (16)      ; 0           ; 0            ; 0       ; 0         ; 0    ; 0            ; |project|BuffReg16:RA                                                                                                   ;              ;
;    |BuffReg16:RB_inst|                   ; 19 (19)           ; 16 (16)      ; 0           ; 0            ; 0       ; 0         ; 0    ; 0            ; |project|BuffReg16:RB_inst                                                                                              ;              ;
;    |BuffReg16:RY|                        ; 0 (0)             ; 16 (16)      ; 0           ; 0            ; 0       ; 0         ; 0    ; 0            ; |project|BuffReg16:RY                                                                                                   ;              ;
;    |BuffReg16:RZ|                        ; 0 (0)             ; 16 (16)      ; 0           ; 0            ; 0       ; 0         ; 0    ; 0            ; |project|BuffReg16:RZ                                                                                                   ;              ;
;    |ControlUnit:inst2|                   ; 1870 (168)        ; 37 (37)      ; 0           ; 0            ; 0       ; 0         ; 0    ; 0            ; |project|ControlUnit:inst2                                                                                              ;              ;
;       |lpm_divide:Mod0|                  ; 1702 (0)          ; 0 (0)        ; 0           ; 0            ; 0       ; 0         ; 0    ; 0            ; |project|ControlUnit:inst2|lpm_divide:Mod0                                                                              ;              ;
;          |lpm_divide_qlo:auto_generated| ; 1702 (0)          ; 0 (0)        ; 0           ; 0            ; 0       ; 0         ; 0    ; 0            ; |project|ControlUnit:inst2|lpm_divide:Mod0|lpm_divide_qlo:auto_generated                                                ;              ;
;             |abs_divider_4dg:divider|    ; 1702 (64)         ; 0 (0)        ; 0           ; 0            ; 0       ; 0         ; 0    ; 0            ; |project|ControlUnit:inst2|lpm_divide:Mod0|lpm_divide_qlo:auto_generated|abs_divider_4dg:divider                        ;              ;
;                |alt_u_div_k5f:divider|   ; 1605 (1605)       ; 0 (0)        ; 0           ; 0            ; 0       ; 0         ; 0    ; 0            ; |project|ControlUnit:inst2|lpm_divide:Mod0|lpm_divide_qlo:auto_generated|abs_divider_4dg:divider|alt_u_div_k5f:divider  ;              ;
;                |lpm_abs_0s9:my_abs_num|  ; 33 (33)           ; 0 (0)        ; 0           ; 0            ; 0       ; 0         ; 0    ; 0            ; |project|ControlUnit:inst2|lpm_divide:Mod0|lpm_divide_qlo:auto_generated|abs_divider_4dg:divider|lpm_abs_0s9:my_abs_num ;              ;
;    |IR24:inst3|                          ; 0 (0)             ; 19 (19)      ; 0           ; 0            ; 0       ; 0         ; 0    ; 0            ; |project|IR24:inst3                                                                                                     ;              ;
;    |alu:inst9|                           ; 62 (0)            ; 0 (0)        ; 0           ; 0            ; 0       ; 0         ; 0    ; 0            ; |project|alu:inst9                                                                                                      ;              ;
;       |bit16add:FA|                      ; 14 (0)            ; 0 (0)        ; 0           ; 0            ; 0       ; 0         ; 0    ; 0            ; |project|alu:inst9|bit16add:FA                                                                                          ;              ;
;          |bitAdder:add0|                 ; 1 (1)             ; 0 (0)        ; 0           ; 0            ; 0       ; 0         ; 0    ; 0            ; |project|alu:inst9|bit16add:FA|bitAdder:add0                                                                            ;              ;
;          |bitAdder:add10|                ; 1 (1)             ; 0 (0)        ; 0           ; 0            ; 0       ; 0         ; 0    ; 0            ; |project|alu:inst9|bit16add:FA|bitAdder:add10                                                                           ;              ;
;          |bitAdder:add11|                ; 1 (1)             ; 0 (0)        ; 0           ; 0            ; 0       ; 0         ; 0    ; 0            ; |project|alu:inst9|bit16add:FA|bitAdder:add11                                                                           ;              ;
;          |bitAdder:add12|                ; 1 (1)             ; 0 (0)        ; 0           ; 0            ; 0       ; 0         ; 0    ; 0            ; |project|alu:inst9|bit16add:FA|bitAdder:add12                                                                           ;              ;
;          |bitAdder:add13|                ; 1 (1)             ; 0 (0)        ; 0           ; 0            ; 0       ; 0         ; 0    ; 0            ; |project|alu:inst9|bit16add:FA|bitAdder:add13                                                                           ;              ;
;          |bitAdder:add1|                 ; 1 (1)             ; 0 (0)        ; 0           ; 0            ; 0       ; 0         ; 0    ; 0            ; |project|alu:inst9|bit16add:FA|bitAdder:add1                                                                            ;              ;
;          |bitAdder:add2|                 ; 1 (1)             ; 0 (0)        ; 0           ; 0            ; 0       ; 0         ; 0    ; 0            ; |project|alu:inst9|bit16add:FA|bitAdder:add2                                                                            ;              ;
;          |bitAdder:add3|                 ; 1 (1)             ; 0 (0)        ; 0           ; 0            ; 0       ; 0         ; 0    ; 0            ; |project|alu:inst9|bit16add:FA|bitAdder:add3                                                                            ;              ;
;          |bitAdder:add4|                 ; 1 (1)             ; 0 (0)        ; 0           ; 0            ; 0       ; 0         ; 0    ; 0            ; |project|alu:inst9|bit16add:FA|bitAdder:add4                                                                            ;              ;
;          |bitAdder:add5|                 ; 1 (1)             ; 0 (0)        ; 0           ; 0            ; 0       ; 0         ; 0    ; 0            ; |project|alu:inst9|bit16add:FA|bitAdder:add5                                                                            ;              ;
;          |bitAdder:add6|                 ; 1 (1)             ; 0 (0)        ; 0           ; 0            ; 0       ; 0         ; 0    ; 0            ; |project|alu:inst9|bit16add:FA|bitAdder:add6                                                                            ;              ;
;          |bitAdder:add7|                 ; 1 (1)             ; 0 (0)        ; 0           ; 0            ; 0       ; 0         ; 0    ; 0            ; |project|alu:inst9|bit16add:FA|bitAdder:add7                                                                            ;              ;
;          |bitAdder:add8|                 ; 1 (1)             ; 0 (0)        ; 0           ; 0            ; 0       ; 0         ; 0    ; 0            ; |project|alu:inst9|bit16add:FA|bitAdder:add8                                                                            ;              ;
;          |bitAdder:add9|                 ; 1 (1)             ; 0 (0)        ; 0           ; 0            ; 0       ; 0         ; 0    ; 0            ; |project|alu:inst9|bit16add:FA|bitAdder:add9                                                                            ;              ;
;       |bit16multi4to1:multfin|           ; 48 (0)            ; 0 (0)        ; 0           ; 0            ; 0       ; 0         ; 0    ; 0            ; |project|alu:inst9|bit16multi4to1:multfin                                                                               ;              ;
;          |multi4to1:mult0|               ; 2 (2)             ; 0 (0)        ; 0           ; 0            ; 0       ; 0         ; 0    ; 0            ; |project|alu:inst9|bit16multi4to1:multfin|multi4to1:mult0                                                               ;              ;
;          |multi4to1:mult10|              ; 3 (3)             ; 0 (0)        ; 0           ; 0            ; 0       ; 0         ; 0    ; 0            ; |project|alu:inst9|bit16multi4to1:multfin|multi4to1:mult10                                                              ;              ;
;          |multi4to1:mult11|              ; 3 (3)             ; 0 (0)        ; 0           ; 0            ; 0       ; 0         ; 0    ; 0            ; |project|alu:inst9|bit16multi4to1:multfin|multi4to1:mult11                                                              ;              ;
;          |multi4to1:mult12|              ; 3 (3)             ; 0 (0)        ; 0           ; 0            ; 0       ; 0         ; 0    ; 0            ; |project|alu:inst9|bit16multi4to1:multfin|multi4to1:mult12                                                              ;              ;
;          |multi4to1:mult13|              ; 3 (3)             ; 0 (0)        ; 0           ; 0            ; 0       ; 0         ; 0    ; 0            ; |project|alu:inst9|bit16multi4to1:multfin|multi4to1:mult13                                                              ;              ;
;          |multi4to1:mult14|              ; 3 (3)             ; 0 (0)        ; 0           ; 0            ; 0       ; 0         ; 0    ; 0            ; |project|alu:inst9|bit16multi4to1:multfin|multi4to1:mult14                                                              ;              ;
;          |multi4to1:mult15|              ; 4 (4)             ; 0 (0)        ; 0           ; 0            ; 0       ; 0         ; 0    ; 0            ; |project|alu:inst9|bit16multi4to1:multfin|multi4to1:mult15                                                              ;              ;
;          |multi4to1:mult1|               ; 3 (3)             ; 0 (0)        ; 0           ; 0            ; 0       ; 0         ; 0    ; 0            ; |project|alu:inst9|bit16multi4to1:multfin|multi4to1:mult1                                                               ;              ;
;          |multi4to1:mult2|               ; 3 (3)             ; 0 (0)        ; 0           ; 0            ; 0       ; 0         ; 0    ; 0            ; |project|alu:inst9|bit16multi4to1:multfin|multi4to1:mult2                                                               ;              ;
;          |multi4to1:mult3|               ; 3 (3)             ; 0 (0)        ; 0           ; 0            ; 0       ; 0         ; 0    ; 0            ; |project|alu:inst9|bit16multi4to1:multfin|multi4to1:mult3                                                               ;              ;
;          |multi4to1:mult4|               ; 3 (3)             ; 0 (0)        ; 0           ; 0            ; 0       ; 0         ; 0    ; 0            ; |project|alu:inst9|bit16multi4to1:multfin|multi4to1:mult4                                                               ;              ;
;          |multi4to1:mult5|               ; 3 (3)             ; 0 (0)        ; 0           ; 0            ; 0       ; 0         ; 0    ; 0            ; |project|alu:inst9|bit16multi4to1:multfin|multi4to1:mult5                                                               ;              ;
;          |multi4to1:mult6|               ; 3 (3)             ; 0 (0)        ; 0           ; 0            ; 0       ; 0         ; 0    ; 0            ; |project|alu:inst9|bit16multi4to1:multfin|multi4to1:mult6                                                               ;              ;
;          |multi4to1:mult7|               ; 3 (3)             ; 0 (0)        ; 0           ; 0            ; 0       ; 0         ; 0    ; 0            ; |project|alu:inst9|bit16multi4to1:multfin|multi4to1:mult7                                                               ;              ;
;          |multi4to1:mult8|               ; 3 (3)             ; 0 (0)        ; 0           ; 0            ; 0       ; 0         ; 0    ; 0            ; |project|alu:inst9|bit16multi4to1:multfin|multi4to1:mult8                                                               ;              ;
;          |multi4to1:mult9|               ; 3 (3)             ; 0 (0)        ; 0           ; 0            ; 0       ; 0         ; 0    ; 0            ; |project|alu:inst9|bit16multi4to1:multfin|multi4to1:mult9                                                               ;              ;
;    |registerFile:inst8|                  ; 276 (0)           ; 240 (0)      ; 0           ; 0            ; 0       ; 0         ; 0    ; 0            ; |project|registerFile:inst8                                                                                             ;              ;
;       |Reg16:reg10|                      ; 0 (0)             ; 16 (16)      ; 0           ; 0            ; 0       ; 0         ; 0    ; 0            ; |project|registerFile:inst8|Reg16:reg10                                                                                 ;              ;
;       |Reg16:reg11|                      ; 0 (0)             ; 16 (16)      ; 0           ; 0            ; 0       ; 0         ; 0    ; 0            ; |project|registerFile:inst8|Reg16:reg11                                                                                 ;              ;
;       |Reg16:reg12|                      ; 0 (0)             ; 16 (16)      ; 0           ; 0            ; 0       ; 0         ; 0    ; 0            ; |project|registerFile:inst8|Reg16:reg12                                                                                 ;              ;
;       |Reg16:reg13|                      ; 0 (0)             ; 16 (16)      ; 0           ; 0            ; 0       ; 0         ; 0    ; 0            ; |project|registerFile:inst8|Reg16:reg13                                                                                 ;              ;
;       |Reg16:reg14|                      ; 0 (0)             ; 16 (16)      ; 0           ; 0            ; 0       ; 0         ; 0    ; 0            ; |project|registerFile:inst8|Reg16:reg14                                                                                 ;              ;
;       |Reg16:reg15|                      ; 0 (0)             ; 16 (16)      ; 0           ; 0            ; 0       ; 0         ; 0    ; 0            ; |project|registerFile:inst8|Reg16:reg15                                                                                 ;              ;
;       |Reg16:reg1|                       ; 0 (0)             ; 16 (16)      ; 0           ; 0            ; 0       ; 0         ; 0    ; 0            ; |project|registerFile:inst8|Reg16:reg1                                                                                  ;              ;
;       |Reg16:reg2|                       ; 0 (0)             ; 16 (16)      ; 0           ; 0            ; 0       ; 0         ; 0    ; 0            ; |project|registerFile:inst8|Reg16:reg2                                                                                  ;              ;
;       |Reg16:reg3|                       ; 0 (0)             ; 16 (16)      ; 0           ; 0            ; 0       ; 0         ; 0    ; 0            ; |project|registerFile:inst8|Reg16:reg3                                                                                  ;              ;
;       |Reg16:reg4|                       ; 0 (0)             ; 16 (16)      ; 0           ; 0            ; 0       ; 0         ; 0    ; 0            ; |project|registerFile:inst8|Reg16:reg4                                                                                  ;              ;
;       |Reg16:reg5|                       ; 0 (0)             ; 16 (16)      ; 0           ; 0            ; 0       ; 0         ; 0    ; 0            ; |project|registerFile:inst8|Reg16:reg5                                                                                  ;              ;
;       |Reg16:reg6|                       ; 0 (0)             ; 16 (16)      ; 0           ; 0            ; 0       ; 0         ; 0    ; 0            ; |project|registerFile:inst8|Reg16:reg6                                                                                  ;              ;
;       |Reg16:reg7|                       ; 0 (0)             ; 16 (16)      ; 0           ; 0            ; 0       ; 0         ; 0    ; 0            ; |project|registerFile:inst8|Reg16:reg7                                                                                  ;              ;
;       |Reg16:reg8|                       ; 0 (0)             ; 16 (16)      ; 0           ; 0            ; 0       ; 0         ; 0    ; 0            ; |project|registerFile:inst8|Reg16:reg8                                                                                  ;              ;
;       |Reg16:reg9|                       ; 0 (0)             ; 16 (16)      ; 0           ; 0            ; 0       ; 0         ; 0    ; 0            ; |project|registerFile:inst8|Reg16:reg9                                                                                  ;              ;
;       |decoder16:decode|                 ; 20 (20)           ; 0 (0)        ; 0           ; 0            ; 0       ; 0         ; 0    ; 0            ; |project|registerFile:inst8|decoder16:decode                                                                            ;              ;
;       |mux16:mux1|                       ; 128 (128)         ; 0 (0)        ; 0           ; 0            ; 0       ; 0         ; 0    ; 0            ; |project|registerFile:inst8|mux16:mux1                                                                                  ;              ;
;       |mux16:mux2|                       ; 128 (128)         ; 0 (0)        ; 0           ; 0            ; 0       ; 0         ; 0    ; 0            ; |project|registerFile:inst8|mux16:mux2                                                                                  ;              ;
+------------------------------------------+-------------------+--------------+-------------+--------------+---------+-----------+------+--------------+-------------------------------------------------------------------------------------------------------------------------+--------------+
Note: For table entries with two numbers listed, the numbers in parentheses indicate the number of resources of the given type used by the specific entity alone. The numbers listed outside of parentheses indicate the total resources of the given type used by the specific entity and all of its sub-entities in the hierarchy.


+------------------------------------------------------------------------------------------------------------------------------------+
; Analysis & Synthesis IP Cores Summary                                                                                              ;
+--------+--------------+---------+--------------+--------------+------------------------------+-------------------------------------+
; Vendor ; IP Core Name ; Version ; Release Date ; License Type ; Entity Instance              ; IP Include File                     ;
+--------+--------------+---------+--------------+--------------+------------------------------+-------------------------------------+
; Altera ; LPM_CONSTANT ; 12.0    ; N/A          ; N/A          ; |project|lpm_constant0:inst5 ; D:/github/csce230/lpm_constant0.vhd ;
; Altera ; LPM_MUX      ; 12.0    ; N/A          ; N/A          ; |project|muxy:inst           ; D:/github/csce230/muxy.vhd          ;
+--------+--------------+---------+--------------+--------------+------------------------------+-------------------------------------+


+--------------------------------------------------------------------------------+
; Registers Removed During Synthesis                                             ;
+---------------------------------------+----------------------------------------+
; Register name                         ; Reason for Removal                     ;
+---------------------------------------+----------------------------------------+
; ControlUnit:inst2|extend[0,1]         ; Stuck at GND due to stuck port data_in ;
; ControlUnit:inst2|a_inv               ; Stuck at GND due to stuck port data_in ;
; ControlUnit:inst2|b_select            ; Stuck at GND due to stuck port data_in ;
; ControlUnit:inst2|y_select[0,1]       ; Stuck at GND due to stuck port data_in ;
; ControlUnit:inst2|wmfc                ; Lost fanout                            ;
; Total Number of Removed Registers = 7 ;                                        ;
+---------------------------------------+----------------------------------------+


+--------------------------------------------------------------------------------------------------+
; Removed Registers Triggering Further Register Optimizations                                      ;
+-----------------------------+---------------------------+----------------------------------------+
; Register name               ; Reason for Removal        ; Registers Removed due to This Register ;
+-----------------------------+---------------------------+----------------------------------------+
; ControlUnit:inst2|extend[1] ; Stuck at GND              ; ControlUnit:inst2|wmfc                 ;
;                             ; due to stuck port data_in ;                                        ;
+-----------------------------+---------------------------+----------------------------------------+


+------------------------------------------------------+
; General Register Statistics                          ;
+----------------------------------------------+-------+
; Statistic                                    ; Value ;
+----------------------------------------------+-------+
; Total registers                              ; 360   ;
; Number of registers using Synchronous Clear  ; 0     ;
; Number of registers using Synchronous Load   ; 32    ;
; Number of registers using Asynchronous Clear ; 323   ;
; Number of registers using Asynchronous Load  ; 0     ;
; Number of registers using Clock Enable       ; 261   ;
; Number of registers using Preset             ; 0     ;
+----------------------------------------------+-------+


+----------------------------------------------------------------------------------------------------------------------------------------------------------------------------------------------+
; Multiplexer Restructuring Statistics (Restructuring Performed)                                                                                                                               ;
+--------------------+-----------+---------------+----------------------+------------------------+----------------------------------------------------------------+----------------------------+
; Multiplexer Inputs ; Bus Width ; Baseline Area ; Area if Restructured ; Saving if Restructured ; Registered                                                     ; Example Multiplexer Output ;
+--------------------+-----------+---------------+----------------------+------------------------+----------------------------------------------------------------+----------------------------+
; 16:1               ; 16 bits   ; 160 LEs       ; 160 LEs              ; 0 LEs                  ; |project|BuffReg16:RB_inst|output[14]                          ;                            ;
; 16:1               ; 16 bits   ; 160 LEs       ; 160 LEs              ; 0 LEs                  ; |project|BuffReg16:RA|output[12]                               ;                            ;
; 14:1               ; 2 bits    ; 18 LEs        ; 8 LEs                ; 10 LEs                 ; |project|ControlUnit:inst2|alu_op[1]                           ;                            ;
; 4:1                ; 16 bits   ; 32 LEs        ; 32 LEs               ; 0 LEs                  ; |project|alu:inst9|bit16multi4to1:multfin|multi4to1:mult3|Mux0 ;                            ;
+--------------------+-----------+---------------+----------------------+------------------------+----------------------------------------------------------------+----------------------------+


+------------------------------------------------------------------------------------------------------+
; Parameter Settings for User Entity Instance: lpm_constant0:inst5|lpm_constant:LPM_CONSTANT_component ;
+--------------------+------------------+--------------------------------------------------------------+
; Parameter Name     ; Value            ; Type                                                         ;
+--------------------+------------------+--------------------------------------------------------------+
; LPM_WIDTH          ; 1                ; Signed Integer                                               ;
; LPM_CVALUE         ; 1                ; Signed Integer                                               ;
; ENABLE_RUNTIME_MOD ; NO               ; Untyped                                                      ;
; CBXI_PARAMETER     ; lpm_constant_4e6 ; Untyped                                                      ;
+--------------------+------------------+--------------------------------------------------------------+
Note: In order to hide this table in the UI and the text report file, please set the "Show Parameter Settings in Synthesis Report" option in "Analysis and Synthesis Settings -> More Settings" to "Off".


+----------------------------------------------------------------------------------+
; Parameter Settings for User Entity Instance: muxy:inst|LPM_MUX:LPM_MUX_component ;
+------------------------+------------+--------------------------------------------+
; Parameter Name         ; Value      ; Type                                       ;
+------------------------+------------+--------------------------------------------+
; AUTO_CARRY_CHAINS      ; ON         ; AUTO_CARRY                                 ;
; IGNORE_CARRY_BUFFERS   ; OFF        ; IGNORE_CARRY                               ;
; AUTO_CASCADE_CHAINS    ; ON         ; AUTO_CASCADE                               ;
; IGNORE_CASCADE_BUFFERS ; OFF        ; IGNORE_CASCADE                             ;
; LPM_WIDTH              ; 16         ; Signed Integer                             ;
; LPM_SIZE               ; 3          ; Signed Integer                             ;
; LPM_WIDTHS             ; 2          ; Signed Integer                             ;
; LPM_PIPELINE           ; 0          ; Signed Integer                             ;
; CBXI_PARAMETER         ; mux_o4e    ; Untyped                                    ;
; DEVICE_FAMILY          ; Cyclone II ; Untyped                                    ;
+------------------------+------------+--------------------------------------------+
Note: In order to hide this table in the UI and the text report file, please set the "Show Parameter Settings in Synthesis Report" option in "Analysis and Synthesis Settings -> More Settings" to "Off".


+------------------------------------------------------------------------------------+
; Parameter Settings for Inferred Entity Instance: ControlUnit:inst2|lpm_divide:Mod0 ;
+------------------------+----------------+------------------------------------------+
; Parameter Name         ; Value          ; Type                                     ;
+------------------------+----------------+------------------------------------------+
; LPM_WIDTHN             ; 32             ; Untyped                                  ;
; LPM_WIDTHD             ; 32             ; Untyped                                  ;
; LPM_NREPRESENTATION    ; SIGNED         ; Untyped                                  ;
; LPM_DREPRESENTATION    ; SIGNED         ; Untyped                                  ;
; LPM_PIPELINE           ; 0              ; Untyped                                  ;
; LPM_REMAINDERPOSITIVE  ; FALSE          ; Untyped                                  ;
; MAXIMIZE_SPEED         ; 5              ; Untyped                                  ;
; CBXI_PARAMETER         ; lpm_divide_qlo ; Untyped                                  ;
; CARRY_CHAIN            ; MANUAL         ; Untyped                                  ;
; OPTIMIZE_FOR_SPEED     ; 5              ; Untyped                                  ;
; AUTO_CARRY_CHAINS      ; ON             ; AUTO_CARRY                               ;
; IGNORE_CARRY_BUFFERS   ; OFF            ; IGNORE_CARRY                             ;
; AUTO_CASCADE_CHAINS    ; ON             ; AUTO_CASCADE                             ;
; IGNORE_CASCADE_BUFFERS ; OFF            ; IGNORE_CASCADE                           ;
+------------------------+----------------+------------------------------------------+
Note: In order to hide this table in the UI and the text report file, please set the "Show Parameter Settings in Synthesis Report" option in "Analysis and Synthesis Settings -> More Settings" to "Off".


+-----------------------------------------------------------+
; Port Connectivity Checks: "registerFile:inst8|mux16:mux2" ;
+-----------+-------+----------+----------------------------+
; Port      ; Type  ; Severity ; Details                    ;
+-----------+-------+----------+----------------------------+
; d0[1..0]  ; Input ; Info     ; Stuck at VCC               ;
; d0[15..2] ; Input ; Info     ; Stuck at GND               ;
+-----------+-------+----------+----------------------------+


+-----------------------------------------------------------+
; Port Connectivity Checks: "registerFile:inst8|mux16:mux1" ;
+-----------+-------+----------+----------------------------+
; Port      ; Type  ; Severity ; Details                    ;
+-----------+-------+----------+----------------------------+
; d0[1..0]  ; Input ; Info     ; Stuck at VCC               ;
; d0[15..2] ; Input ; Info     ; Stuck at GND               ;
+-----------+-------+----------+----------------------------+


+---------------------------------------------------------------------------------------------------------------------+
; Port Connectivity Checks: "registerFile:inst8|decoder16:decode"                                                     ;
+-----------+--------+----------+-------------------------------------------------------------------------------------+
; Port      ; Type   ; Severity ; Details                                                                             ;
+-----------+--------+----------+-------------------------------------------------------------------------------------+
; output[0] ; Output ; Info     ; Connected to dangling logic. Logic that only feeds a dangling port will be removed. ;
+-----------+--------+----------+-------------------------------------------------------------------------------------+


+-------------------------------+
; Elapsed Time Per Partition    ;
+----------------+--------------+
; Partition Name ; Elapsed Time ;
+----------------+--------------+
; Top            ; 00:00:06     ;
+----------------+--------------+


+-------------------------------+
; Analysis & Synthesis Messages ;
+-------------------------------+
Info: *******************************************************************
Info: Running Quartus II 32-bit Analysis & Synthesis
    Info: Version 12.0 Build 178 05/31/2012 SJ Web Edition
    Info: Processing started: Fri Nov 06 22:46:24 2015
Info: Command: quartus_map --read_settings_files=on --write_settings_files=off project -c project
Warning (20028): Parallel compilation is not licensed and has been disabled
Info (12021): Found 2 design units, including 1 entities, in source file c:/users/matt/downloads/lab8files/mux16.vhd
    Info (12022): Found design unit 1: mux16-behavior
    Info (12023): Found entity 1: mux16
Info (12021): Found 2 design units, including 1 entities, in source file c:/users/matt/downloads/lab8files/decoder16.vhd
    Info (12022): Found design unit 1: decoder16-behavior
    Info (12023): Found entity 1: decoder16
Info (12021): Found 2 design units, including 1 entities, in source file c:/users/matt/desktop/shit ballz/variouslogic.vhd
    Info (12022): Found design unit 1: variousLogic-Behavioral
    Info (12023): Found entity 1: variousLogic
Info (12021): Found 2 design units, including 1 entities, in source file c:/users/matt/desktop/shit ballz/multi4to1.vhdl
    Info (12022): Found design unit 1: multi4to1-behavior
    Info (12023): Found entity 1: multi4to1
Info (12021): Found 2 design units, including 1 entities, in source file c:/users/matt/desktop/shit ballz/multi2to1.vhdl
    Info (12022): Found design unit 1: multi2to1-behavior
    Info (12023): Found entity 1: multi2to1
Info (12021): Found 2 design units, including 1 entities, in source file c:/users/matt/desktop/shit ballz/bitadder.vhdl
    Info (12022): Found design unit 1: bitAdder-behavior
    Info (12023): Found entity 1: bitAdder
Info (12021): Found 2 design units, including 1 entities, in source file c:/users/matt/desktop/shit ballz/bit16xor.vhdl
    Info (12022): Found design unit 1: bit16xor-Behavioral
    Info (12023): Found entity 1: bit16xor
Info (12021): Found 2 design units, including 1 entities, in source file c:/users/matt/desktop/shit ballz/bit16or.vhdl
    Info (12022): Found design unit 1: bit16or-Behavioral
    Info (12023): Found entity 1: bit16or
Info (12021): Found 2 design units, including 1 entities, in source file c:/users/matt/desktop/shit ballz/bit16and.vhdl
    Info (12022): Found design unit 1: bit16and-Behavioral
    Info (12023): Found entity 1: bit16and
Info (12021): Found 2 design units, including 1 entities, in source file c:/users/matt/desktop/shit ballz/bit16add.vhdl
    Info (12022): Found design unit 1: bit16add-behavior
    Info (12023): Found entity 1: bit16add
Info (12021): Found 2 design units, including 1 entities, in source file alu.vhdl
    Info (12022): Found design unit 1: alu-behavior
    Info (12023): Found entity 1: alu
Info (12021): Found 2 design units, including 1 entities, in source file ir24.vhd
    Info (12022): Found design unit 1: IR24-behavior
    Info (12023): Found entity 1: IR24
Info (12021): Found 2 design units, including 1 entities, in source file immediate.vhd
    Info (12022): Found design unit 1: immediate-arch
    Info (12023): Found entity 1: immediate
Info (12021): Found 2 design units, including 1 entities, in source file buffreg16.vhd
    Info (12022): Found design unit 1: BuffReg16-behavior
    Info (12023): Found entity 1: BuffReg16
Info (12021): Found 2 design units, including 1 entities, in source file registerfile.vhd
    Info (12022): Found design unit 1: registerFile-behavior
    Info (12023): Found entity 1: registerFile
Info (12021): Found 2 design units, including 1 entities, in source file reg16.vhd
    Info (12022): Found design unit 1: Reg16-behavior
    Info (12023): Found entity 1: Reg16
Info (12021): Found 2 design units, including 1 entities, in source file controlunit.vhdl
    Info (12022): Found design unit 1: ControlUnit-behavior
    Info (12023): Found entity 1: ControlUnit
Info (12021): Found 2 design units, including 1 entities, in source file bit16multi4to1.vhd
    Info (12022): Found design unit 1: bit16multi4to1-behavior
    Info (12023): Found entity 1: bit16multi4to1
Info (12021): Found 2 design units, including 1 entities, in source file bit16multi2to1.vhd
    Info (12022): Found design unit 1: bit16multi2to1-behavior
    Info (12023): Found entity 1: bit16multi2to1
Info (12021): Found 1 design units, including 1 entities, in source file project.bdf
    Info (12023): Found entity 1: project
Info (12021): Found 2 design units, including 1 entities, in source file muxy.vhd
    Info (12022): Found design unit 1: muxy-SYN
    Info (12023): Found entity 1: muxy
Info (12021): Found 2 design units, including 1 entities, in source file lpm_constant0.vhd
    Info (12022): Found design unit 1: lpm_constant0-SYN
    Info (12023): Found entity 1: lpm_constant0
Info (12127): Elaborating entity "project" for the top level hierarchy
Warning (275085): Found inconsistent dimensions for element "ncvz"
Warning (275080): Converted elements in bus name "ncvz" using legacy naming rules. Make any assignments on the new names, not on the original names.
    Warning (275081): Converted element name(s) from "ncvz[15..0]" to "ncvz15..0"
    Warning (275081): Converted element name(s) from "ncvz[3]" to "ncvz3"
    Warning (275081): Converted element name(s) from "ncvz[1]" to "ncvz1"
    Warning (275081): Converted element name(s) from "ncvz[2]" to "ncvz2"
    Warning (275081): Converted element name(s) from "ncvz[0]" to "ncvz0"
Warning (275043): Pin "pin_name1" is missing source
Warning (275043): Pin "pin_name2" is missing source
Warning (275043): Pin "pin_name7" is missing source
Warning (275043): Pin "pin_name8" is missing source
Warning (275043): Pin "ncvz" is missing source
Warning (275043): Pin "raout[15..0]" is missing source
Info (12128): Elaborating entity "ControlUnit" for hierarchy "ControlUnit:inst2"
Info (12128): Elaborating entity "lpm_constant0" for hierarchy "lpm_constant0:inst5"
Info (12128): Elaborating entity "lpm_constant" for hierarchy "lpm_constant0:inst5|lpm_constant:LPM_CONSTANT_component"
Info (12130): Elaborated megafunction instantiation "lpm_constant0:inst5|lpm_constant:LPM_CONSTANT_component"
Info (12133): Instantiated megafunction "lpm_constant0:inst5|lpm_constant:LPM_CONSTANT_component" with the following parameter:
    Info (12134): Parameter "lpm_cvalue" = "1"
    Info (12134): Parameter "lpm_hint" = "ENABLE_RUNTIME_MOD=NO"
    Info (12134): Parameter "lpm_type" = "LPM_CONSTANT"
    Info (12134): Parameter "lpm_width" = "1"
Info (12128): Elaborating entity "BuffReg16" for hierarchy "BuffReg16:PS"
Info (12128): Elaborating entity "alu" for hierarchy "alu:inst9"
Info (12128): Elaborating entity "bit16multi2to1" for hierarchy "alu:inst9|bit16multi2to1:multa"
Info (12128): Elaborating entity "multi2to1" for hierarchy "alu:inst9|bit16multi2to1:multa|multi2to1:mult0"
Info (12128): Elaborating entity "bit16add" for hierarchy "alu:inst9|bit16add:FA"
Info (12128): Elaborating entity "bitAdder" for hierarchy "alu:inst9|bit16add:FA|bitAdder:add0"
Info (12128): Elaborating entity "variousLogic" for hierarchy "alu:inst9|variousLogic:flags"
Info (12128): Elaborating entity "bit16and" for hierarchy "alu:inst9|bit16and:and1"
Info (12128): Elaborating entity "bit16or" for hierarchy "alu:inst9|bit16or:or1"
Info (12128): Elaborating entity "bit16xor" for hierarchy "alu:inst9|bit16xor:xor1"
Info (12128): Elaborating entity "bit16multi4to1" for hierarchy "alu:inst9|bit16multi4to1:multfin"
Info (12128): Elaborating entity "multi4to1" for hierarchy "alu:inst9|bit16multi4to1:multfin|multi4to1:mult0"
Info (12128): Elaborating entity "registerFile" for hierarchy "registerFile:inst8"
Info (12128): Elaborating entity "decoder16" for hierarchy "registerFile:inst8|decoder16:decode"
Info (12128): Elaborating entity "Reg16" for hierarchy "registerFile:inst8|Reg16:reg1"
Info (12128): Elaborating entity "mux16" for hierarchy "registerFile:inst8|mux16:mux1"
Info (12128): Elaborating entity "muxy" for hierarchy "muxy:inst"
Info (12128): Elaborating entity "LPM_MUX" for hierarchy "muxy:inst|LPM_MUX:LPM_MUX_component"
Info (12130): Elaborated megafunction instantiation "muxy:inst|LPM_MUX:LPM_MUX_component"
Info (12133): Instantiated megafunction "muxy:inst|LPM_MUX:LPM_MUX_component" with the following parameter:
    Info (12134): Parameter "LPM_WIDTH" = "16"
    Info (12134): Parameter "LPM_SIZE" = "3"
    Info (12134): Parameter "LPM_WIDTHS" = "2"
    Info (12134): Parameter "LPM_PIPELINE" = "0"
    Info (12134): Parameter "LPM_TYPE" = "LPM_MUX"
    Info (12134): Parameter "LPM_HINT" = "UNUSED"
Info (12021): Found 1 design units, including 1 entities, in source file db/mux_o4e.tdf
    Info (12023): Found entity 1: mux_o4e
Info (12128): Elaborating entity "mux_o4e" for hierarchy "muxy:inst|LPM_MUX:LPM_MUX_component|mux_o4e:auto_generated"
Info (12128): Elaborating entity "IR24" for hierarchy "IR24:inst3"
Info (12128): Elaborating entity "bit16multi2to1" for hierarchy "bit16multi2to1:MuxB"
Info (12128): Elaborating entity "immediate" for hierarchy "immediate:inst7"
Info (12128): Elaborating entity "Reg16" for hierarchy "Reg16:inst4"
Info (278001): Inferred 1 megafunctions from design logic
    Info (278004): Inferred divider/modulo megafunction ("lpm_divide") from the following logic: "ControlUnit:inst2|Mod0"
Info (12130): Elaborated megafunction instantiation "ControlUnit:inst2|lpm_divide:Mod0"
Info (12133): Instantiated megafunction "ControlUnit:inst2|lpm_divide:Mod0" with the following parameter:
    Info (12134): Parameter "LPM_WIDTHN" = "32"
    Info (12134): Parameter "LPM_WIDTHD" = "32"
    Info (12134): Parameter "LPM_NREPRESENTATION" = "SIGNED"
    Info (12134): Parameter "LPM_DREPRESENTATION" = "SIGNED"
    Info (12134): Parameter "LPM_HINT" = "LPM_REMAINDERPOSITIVE=FALSE"
Info (12021): Found 1 design units, including 1 entities, in source file db/lpm_divide_qlo.tdf
    Info (12023): Found entity 1: lpm_divide_qlo
Info (12021): Found 1 design units, including 1 entities, in source file db/abs_divider_4dg.tdf
    Info (12023): Found entity 1: abs_divider_4dg
Info (12021): Found 1 design units, including 1 entities, in source file db/alt_u_div_k5f.tdf
    Info (12023): Found entity 1: alt_u_div_k5f
Info (12021): Found 1 design units, including 1 entities, in source file db/add_sub_lkc.tdf
    Info (12023): Found entity 1: add_sub_lkc
Info (12021): Found 1 design units, including 1 entities, in source file db/add_sub_mkc.tdf
    Info (12023): Found entity 1: add_sub_mkc
Info (12021): Found 1 design units, including 1 entities, in source file db/lpm_abs_0s9.tdf
    Info (12023): Found entity 1: lpm_abs_0s9
Warning (13024): Output pins are stuck at VCC or GND
    Warning (13410): Pin "pin_name1" is stuck at GND
    Warning (13410): Pin "pin_name2" is stuck at GND
    Warning (13410): Pin "pin_name7" is stuck at GND
    Warning (13410): Pin "pin_name8" is stuck at GND
    Warning (13410): Pin "ncvz" is stuck at GND
    Warning (13410): Pin "b_select" is stuck at GND
    Warning (13410): Pin "raout[15]" is stuck at GND
    Warning (13410): Pin "raout[14]" is stuck at GND
    Warning (13410): Pin "raout[13]" is stuck at GND
    Warning (13410): Pin "raout[12]" is stuck at GND
    Warning (13410): Pin "raout[11]" is stuck at GND
    Warning (13410): Pin "raout[10]" is stuck at GND
    Warning (13410): Pin "raout[9]" is stuck at GND
    Warning (13410): Pin "raout[8]" is stuck at GND
    Warning (13410): Pin "raout[7]" is stuck at GND
    Warning (13410): Pin "raout[6]" is stuck at GND
    Warning (13410): Pin "raout[5]" is stuck at GND
    Warning (13410): Pin "raout[4]" is stuck at GND
    Warning (13410): Pin "raout[3]" is stuck at GND
    Warning (13410): Pin "raout[2]" is stuck at GND
    Warning (13410): Pin "raout[1]" is stuck at GND
    Warning (13410): Pin "raout[0]" is stuck at GND
Info (17049): 1 registers lost all their fanouts during netlist optimizations.
Info (16010): Generating hard_block partition "hard_block:auto_generated_inst"
    Info (16011): Adding 0 node(s), including 0 DDIO, 0 PLL, 0 transceiver and 0 LCELL
Warning (21074): Design contains 5 input pin(s) that do not drive logic
    Warning (15610): No output dependent on input pin "irin[19]"
    Warning (15610): No output dependent on input pin "irin[18]"
    Warning (15610): No output dependent on input pin "irin[17]"
    Warning (15610): No output dependent on input pin "irin[16]"
    Warning (15610): No output dependent on input pin "irin[15]"
Info (21057): Implemented 2684 device resources after synthesis - the final resource count might be different
    Info (21058): Implemented 26 input pins
    Info (21059): Implemented 89 output pins
    Info (21061): Implemented 2569 logic cells
Info: Quartus II 32-bit Analysis & Synthesis was successful. 0 errors, 43 warnings
    Info: Peak virtual memory: 403 megabytes
    Info: Processing ended: Fri Nov 06 22:46:31 2015
    Info: Elapsed time: 00:00:07
    Info: Total CPU time (on all processors): 00:00:07


